<?xml version="1.0" encoding="UTF-8"?>
<!-- Generated by org.testng.reporters.JUnitReportReporter -->
<testsuite hostname="DESKTOP-AIO353A" failures="0" tests="4" name="PetstoreTest.HTTPRequests" time="7.480" errors="0" timestamp="2024-03-26T15:24:43 BRT" skipped="0">
  <testcase classname="PetstoreTest.HTTPRequests" name="postPedido" time="3.801"/>
  <testcase classname="PetstoreTest.HTTPRequests" name="getPetInexistente" time="0.865"/>
  <testcase classname="PetstoreTest.HTTPRequests" name="putAtualizarDados" time="1.679"/>
  <testcase classname="PetstoreTest.HTTPRequests" name="getPetStatusPending" time="1.135"/>
</testsuite> <!-- PetstoreTest.HTTPRequests -->
